
===== 2026-06-14 04:05:28 — ruff check =====
I001 [*] Import block is un-sorted or un-formatted
 --> tests/unit/test_generador.py:1:1
  |
1 | / from __future__ import annotations
2 | | from pathlib import Path
3 | |
4 | | import pytest
5 | |
6 | | from atco.problem.instance import Entrada
7 | | from atco.problem.parameters import Parametros
8 | | from atco.domain.constants import STRING_NO_TURNO
9 | | from atco.seeds import construir_solucion_heuristica
  | |____________________________________________________^
  |
help: Organize imports

F821 Undefined name `_slots`
  --> tests/unit/test_generador.py:25:52
   |
23 |         for s in sectores_abiertos:
24 |             asignaciones = sum(
25 |                 1 for turno in sol.get_turnos() if _slots(turno)[t].lower() == s.lower()
   |                                                    ^^^^^^
26 |             )
27 |             assert asignaciones >= 1, f"Sector {s} sin cubrir en slot {t}"
   |

F821 Undefined name `_slots`
  --> tests/unit/test_generador.py:41:22
   |
39 |             continue
40 |         turno = sol.get_turnos()[c.turno_asignado]
41 |         for token in _slots(turno):
   |                      ^^^^^^
42 |             assert (
43 |                 token.lower() not in sectores_no_ruta
   |

F821 Undefined name `_slots`
  --> tests/unit/test_generador.py:53:18
   |
51 |     for c in sol.get_controladores():
52 |         ventana = tc if c.turno.upper() in {"TC", "MC"} else tl
53 |         tokens = _slots(sol.get_turnos()[c.turno_asignado])
   |                  ^^^^^^
54 |         for t, tok in enumerate(tokens):
55 |             if not (ventana[0] <= t < ventana[1]):
   |

F821 Undefined name `random`
  --> tests/unit/test_generador.py:64:50
   |
62 |     """Dos llamadas con semillas distintas producen soluciones distintas."""
63 |     sol_a = construir_solucion_heuristica(
64 |         entrada_mad_n_m1, parametros_reales, rng=random.Random(1)
   |                                                  ^^^^^^
65 |     )
66 |     sol_b = construir_solucion_heuristica(
   |

F821 Undefined name `random`
  --> tests/unit/test_generador.py:67:50
   |
65 |     )
66 |     sol_b = construir_solucion_heuristica(
67 |         entrada_mad_n_m1, parametros_reales, rng=random.Random(2)
   |                                                  ^^^^^^
68 |     )
69 |     assert sol_a.get_turnos() != sol_b.get_turnos()
   |

F821 Undefined name `random`
  --> tests/unit/test_generador.py:75:50
   |
73 |     """Dos llamadas con la misma semilla producen la misma solución."""
74 |     sol_a = construir_solucion_heuristica(
75 |         entrada_mad_n_m1, parametros_reales, rng=random.Random(42)
   |                                                  ^^^^^^
76 |     )
77 |     sol_b = construir_solucion_heuristica(
   |

F821 Undefined name `random`
  --> tests/unit/test_generador.py:78:50
   |
76 |     )
77 |     sol_b = construir_solucion_heuristica(
78 |         entrada_mad_n_m1, parametros_reales, rng=random.Random(42)
   |                                                  ^^^^^^
79 |     )
80 |     assert sol_a.get_turnos() == sol_b.get_turnos()
   |

Found 8 errors.
[*] 1 fixable with the `--fix` option.

===== 2026-06-14 04:07:37 — ruff check =====
I001 [*] Import block is un-sorted or un-formatted
 --> tests/unit/test_generador.py:1:1
  |
1 | / from __future__ import annotations
2 | | from pathlib import Path
3 | |
4 | | import pytest
5 | |
6 | | from atco.problem.instance import Entrada
7 | | from atco.problem.parameters import Parametros
8 | | from atco.domain.constants import STRING_NO_TURNO
9 | | from atco.seeds import construir_solucion_heuristica
  | |____________________________________________________^
  |
help: Organize imports

F821 Undefined name `_slots`
  --> tests/unit/test_generador.py:25:52
   |
23 |         for s in sectores_abiertos:
24 |             asignaciones = sum(
25 |                 1 for turno in sol.get_turnos() if _slots(turno)[t].lower() == s.lower()
   |                                                    ^^^^^^
26 |             )
27 |             assert asignaciones >= 1, f"Sector {s} sin cubrir en slot {t}"
   |

F821 Undefined name `_slots`
  --> tests/unit/test_generador.py:41:22
   |
39 |             continue
40 |         turno = sol.get_turnos()[c.turno_asignado]
41 |         for token in _slots(turno):
   |                      ^^^^^^
42 |             assert (
43 |                 token.lower() not in sectores_no_ruta
   |

F821 Undefined name `_slots`
  --> tests/unit/test_generador.py:53:18
   |
51 |     for c in sol.get_controladores():
52 |         ventana = tc if c.turno.upper() in {"TC", "MC"} else tl
53 |         tokens = _slots(sol.get_turnos()[c.turno_asignado])
   |                  ^^^^^^
54 |         for t, tok in enumerate(tokens):
55 |             if not (ventana[0] <= t < ventana[1]):
   |

F821 Undefined name `random`
  --> tests/unit/test_generador.py:64:50
   |
62 |     """Dos llamadas con semillas distintas producen soluciones distintas."""
63 |     sol_a = construir_solucion_heuristica(
64 |         entrada_mad_n_m1, parametros_reales, rng=random.Random(1)
   |                                                  ^^^^^^
65 |     )
66 |     sol_b = construir_solucion_heuristica(
   |

F821 Undefined name `random`
  --> tests/unit/test_generador.py:67:50
   |
65 |     )
66 |     sol_b = construir_solucion_heuristica(
67 |         entrada_mad_n_m1, parametros_reales, rng=random.Random(2)
   |                                                  ^^^^^^
68 |     )
69 |     assert sol_a.get_turnos() != sol_b.get_turnos()
   |

F821 Undefined name `random`
  --> tests/unit/test_generador.py:75:50
   |
73 |     """Dos llamadas con la misma semilla producen la misma solución."""
74 |     sol_a = construir_solucion_heuristica(
75 |         entrada_mad_n_m1, parametros_reales, rng=random.Random(42)
   |                                                  ^^^^^^
76 |     )
77 |     sol_b = construir_solucion_heuristica(
   |

F821 Undefined name `random`
  --> tests/unit/test_generador.py:78:50
   |
76 |     )
77 |     sol_b = construir_solucion_heuristica(
78 |         entrada_mad_n_m1, parametros_reales, rng=random.Random(42)
   |                                                  ^^^^^^
79 |     )
80 |     assert sol_a.get_turnos() == sol_b.get_turnos()
   |

Found 8 errors.
[*] 1 fixable with the `--fix` option.

===== 2026-06-14 04:08:04 — ruff check =====
I001 [*] Import block is un-sorted or un-formatted
  --> tests/unit/test_generador.py:1:1
   |
 1 | / from __future__ import annotations
 2 | | from pathlib import Path
 3 | |
 4 | | import pytest
 5 | | import random
 6 | |
 7 | | from atco.problem.instance import Entrada
 8 | | from atco.problem.parameters import Parametros
 9 | | from atco.domain.constants import STRING_NO_TURNO
10 | | from atco.seeds import construir_solucion_heuristica
   | |____________________________________________________^
   |
help: Organize imports

F821 Undefined name `_slots`
  --> tests/unit/test_generador.py:26:52
   |
24 |         for s in sectores_abiertos:
25 |             asignaciones = sum(
26 |                 1 for turno in sol.get_turnos() if _slots(turno)[t].lower() == s.lower()
   |                                                    ^^^^^^
27 |             )
28 |             assert asignaciones >= 1, f"Sector {s} sin cubrir en slot {t}"
   |

F821 Undefined name `_slots`
  --> tests/unit/test_generador.py:42:22
   |
40 |             continue
41 |         turno = sol.get_turnos()[c.turno_asignado]
42 |         for token in _slots(turno):
   |                      ^^^^^^
43 |             assert (
44 |                 token.lower() not in sectores_no_ruta
   |

F821 Undefined name `_slots`
  --> tests/unit/test_generador.py:54:18
   |
52 |     for c in sol.get_controladores():
53 |         ventana = tc if c.turno.upper() in {"TC", "MC"} else tl
54 |         tokens = _slots(sol.get_turnos()[c.turno_asignado])
   |                  ^^^^^^
55 |         for t, tok in enumerate(tokens):
56 |             if not (ventana[0] <= t < ventana[1]):
   |

Found 4 errors.
[*] 1 fixable with the `--fix` option.

===== 2026-06-14 04:27:19 — ruff check =====
All checks passed!

===== 2026-06-14 04:35:47 — ruff check =====
All checks passed!

===== 2026-06-14 16:58:13 — ruff check =====
I001 [*] Import block is un-sorted or un-formatted
  --> tests/unit/test_restrictions.py:11:1
   |
 9 |   """
10 |
11 | / from __future__ import annotations
12 | |
13 | | import pytest
14 | |
15 | | from atco.domain.constants import STRING_DESCANSO, STRING_NO_TURNO
16 | | from atco.domain.models import Solucion
17 | | from atco.problem.instance import Entrada
18 | | from atco.problem.parameters import Parametros
19 | | from atco.problem.restrictions import checks as _checks_mod
20 | | from atco.problem.restrictions.checks import (
21 | |     ensure_fast_cache,
22 | |     comprobar_restricciones_en_paralelo,
23 | |     penalizacion_por_restricciones,
24 | |     restricciones_sin_pesos,
25 | | )
26 | | from atco.problem.restrictions.weights import PESO_POR_RESTRICCION
   | |__________________________________________________________________^
27 |
28 |   # Lista canónica de las 14 comprobar_*, en orden de PESO_POR_RESTRICCION.
   |
help: Organize imports

Found 1 error.
[*] 1 fixable with the `--fix` option.

===== 2026-06-14 16:59:34 — ruff check =====
I001 [*] Import block is un-sorted or un-formatted
  --> tests/unit/test_restrictions.py:11:1
   |
 9 |   """
10 |
11 | / from __future__ import annotations
12 | |
13 | | import pytest
14 | |
15 | | from atco.problem.restrictions.weights import PESO_POR_RESTRICCION
16 | | from atco.domain.constants import STRING_DESCANSO, STRING_NO_TURNO
17 | | from atco.domain.models import Solucion
18 | | from atco.problem.instance import Entrada
19 | | from atco.problem.parameters import Parametros
20 | | from atco.problem.restrictions import checks as _checks_mod
21 | | from atco.problem.restrictions.checks import (
22 | |     ensure_fast_cache,
23 | |     comprobar_restricciones_en_paralelo,
24 | |     penalizacion_por_restricciones,
25 | |     restricciones_sin_pesos,
26 | | )
   | |_^
27 |
28 |   # Lista canónica de las 14 comprobar_*, en orden de PESO_POR_RESTRICCION.
   |
help: Organize imports

Found 1 error.
[*] 1 fixable with the `--fix` option.

===== 2026-06-14 17:01:39 — ruff check =====
I001 [*] Import block is un-sorted or un-formatted
  --> tests/unit/test_restrictions.py:11:1
   |
 9 |   """
10 |
11 | / from __future__ import annotations
12 | |
13 | | import pytest
14 | |
15 | | from atco.domain.constants import STRING_DESCANSO, STRING_NO_TURNO
16 | | from atco.domain.models import Solucion
17 | | from atco.problem.instance import Entrada
18 | | from atco.problem.parameters import Parametros
19 | | from atco.problem.restrictions.weights import PESO_POR_RESTRICCION
20 | | from atco.problem.restrictions import checks as _checks_mod
21 | | from atco.problem.restrictions.checks import (
22 | |     ensure_fast_cache,
23 | |     comprobar_restricciones_en_paralelo,
24 | |     penalizacion_por_restricciones,
25 | |     restricciones_sin_pesos,
26 | | )
   | |_^
27 |
28 |   # Lista canónica de las 14 comprobar_*, en orden de PESO_POR_RESTRICCION.
   |
help: Organize imports

Found 1 error.
[*] 1 fixable with the `--fix` option.

===== 2026-06-14 17:05:52 — ruff check =====
I001 [*] Import block is un-sorted or un-formatted
  --> tests/unit/test_restrictions.py:11:1
   |
 9 |   """
10 |
11 | / from __future__ import annotations
12 | |
13 | | import pytest
14 | |
15 | | from atco.domain.constants import STRING_DESCANSO, STRING_NO_TURNO
16 | | from atco.domain.models import Solucion
17 | | from atco.problem.instance import Entrada
18 | | from atco.problem.parameters import Parametros
19 | | from atco.problem.restrictions import checks as _checks_mod
20 | | from atco.problem.restrictions.checks import (
21 | |     ensure_fast_cache,
22 | |     comprobar_restricciones_en_paralelo,
23 | |     penalizacion_por_restricciones,
24 | |     restricciones_sin_pesos,
25 | | )
26 | | from atco.problem.restrictions.weights import PESO_POR_RESTRICCION
   | |__________________________________________________________________^
27 |
28 |   # Lista canónica de las 14 comprobar_*, en orden de PESO_POR_RESTRICCION.
   |
help: Organize imports

Found 1 error.
[*] 1 fixable with the `--fix` option.

===== 2026-06-14 17:06:36 — ruff check =====
All checks passed!

===== 2026-06-14 17:06:42 — ruff check =====
I001 [*] Import block is un-sorted or un-formatted
  --> tests/unit/test_restrictions.py:11:1
   |
 9 |   """
10 |
11 | / from __future__ import annotations
12 | |
13 | | import pytest
14 | |
15 | | from atco.domain.constants import STRING_DESCANSO, STRING_NO_TURNO
16 | | from atco.domain.models import Solucion
17 | | from atco.problem.instance import Entrada
18 | | from atco.problem.parameters import Parametros
19 | | from atco.problem.restrictions import checks as _checks_mod
20 | | from atco.problem.restrictions.checks import (
21 | |     ensure_fast_cache,
22 | |     comprobar_restricciones_en_paralelo,
23 | |     penalizacion_por_restricciones,
24 | |     restricciones_sin_pesos,
25 | | )
26 | | from atco.problem.restrictions.weights import PESO_POR_RESTRICCION
   | |__________________________________________________________________^
27 |
28 |   # Lista canónica de las 14 comprobar_*, en orden de PESO_POR_RESTRICCION.
   |
help: Organize imports

Found 1 error.
[*] 1 fixable with the `--fix` option.

===== 2026-06-14 17:06:49 — ruff check =====
All checks passed!

===== 2026-06-18 22:58:23 — ruff check =====
UP037 [*] Remove quotes from type annotation
  --> src/atco/domain/models.py:83:24
   |
81 |     turno_noche: int = 0
82 |
83 |     def clone(self) -> "Controlador":
   |                        ^^^^^^^^^^^^^
84 |         return Controlador(
85 |             id=self.id,
   |
help: Remove quotes

F401 [*] `inspect` imported but unused
  --> src/atco/fitness/components.py:10:8
   |
 8 | from __future__ import annotations
 9 |
10 | import inspect
   |        ^^^^^^^
11 | from collections.abc import Callable
   |
help: Remove unused import: `inspect`

F401 [*] `collections.abc.Callable` imported but unused
  --> src/atco/fitness/components.py:11:29
   |
10 | import inspect
11 | from collections.abc import Callable
   |                             ^^^^^^^^
12 |
13 | from atco.domain.constants import STRING_DESCANSO, STRING_NO_TURNO
   |
help: Remove unused import: `collections.abc.Callable`

I001 [*] Import block is un-sorted or un-formatted
  --> src/atco/io/excel.py:1:1
   |
 1 | / import hashlib
 2 | | from pathlib import Path
 3 | |
 4 | | import openpyxl
 5 | | import logging
 6 | | from openpyxl.styles import Alignment, Font, PatternFill
 7 | |
 8 | | from atco.domain.models import Solucion
   | |_______________________________________^
 9 |
10 |   COLORES_FIJOS = {
   |
help: Organize imports

F401 [*] `atco.domain.models.Propiedades` imported but unused
  --> src/atco/io/solution.py:24:45
   |
22 | from pathlib import Path
23 |
24 | from atco.domain.models import Controlador, Propiedades, Solucion
   |                                             ^^^^^^^^^^^
25 |
26 | # =============================================================================
   |
help: Remove unused import: `atco.domain.models.Propiedades`

N806 Variable `MAX_CONSEC` in function should be lowercase
   --> src/atco/seeds/greedy.py:102:5
    |
100 |     descanso_pendiente: list[int] = [0] * n_atcos  # slots de descanso obligatorio
101 |
102 |     MAX_CONSEC: int = parametros.tiempo_trab_max // parametros.tamano_slots
    |     ^^^^^^^^^^
103 |     MIN_REST: int = parametros.tiempo_des_por_turno // parametros.tamano_slots
104 |     # Recorrido cronológico, asignando sectores al ATCo menos cargado y asegurando pareja ejecutivo/planificador.
    |

N806 Variable `MIN_REST` in function should be lowercase
   --> src/atco/seeds/greedy.py:103:5
    |
102 |     MAX_CONSEC: int = parametros.tiempo_trab_max // parametros.tamano_slots
103 |     MIN_REST: int = parametros.tiempo_des_por_turno // parametros.tamano_slots
    |     ^^^^^^^^
104 |     # Recorrido cronológico, asignando sectores al ATCo menos cargado y asegurando pareja ejecutivo/planificador.
105 |     for t in range(n_slots):
    |

E501 Line too long (113 > 100)
   --> src/atco/seeds/greedy.py:104:101
    |
102 |     MAX_CONSEC: int = parametros.tiempo_trab_max // parametros.tamano_slots
103 |     MIN_REST: int = parametros.tiempo_des_por_turno // parametros.tamano_slots
104 |     # Recorrido cronológico, asignando sectores al ATCo menos cargado y asegurando pareja ejecutivo/planificador.
    |                                                                                                     ^^^^^^^^^^^^^
105 |     for t in range(n_slots):
106 |         sectores_t = list(entrada.get_sectores_abiertos_en(t))
    |

I001 [*] Import block is un-sorted or un-formatted
  --> tests/unit/test_fitness.py:3:1
   |
 1 |   """Tests unitarios de la función objetivo."""
 2 |
 3 | / from __future__ import annotations
 4 | |
 5 | | import random
 6 | |
 7 | | import pytest
 8 | |
 9 | | from atco.domain.constants import STRING_DESCANSO, STRING_NO_TURNO
10 | | from atco.domain.models import Solucion
11 | | from atco.fitness import FitnessConfig, FitnessResult, evaluar_fitness
12 | | from atco.fitness.components import (
13 | |     descansos_largos,
14 | |     desbalance_carga,
15 | |     fragmentacion,
16 | | )
17 | | from atco.problem.instance import Entrada
18 | | from atco.problem.parameters import Parametros
19 | | from atco.seeds import construir_solucion_heuristica
   | |____________________________________________________^
20 |
21 |   # ---------------------------------------------------------------------------
   |
help: Organize imports

F401 [*] `atco.fitness.components.desbalance_carga` imported but unused
  --> tests/unit/test_fitness.py:14:5
   |
12 | from atco.fitness.components import (
13 |     descansos_largos,
14 |     desbalance_carga,
   |     ^^^^^^^^^^^^^^^^
15 |     fragmentacion,
16 | )
   |
help: Remove unused import: `atco.fitness.components.desbalance_carga`

N806 Variable `T` in function should be lowercase
   --> tests/unit/test_fitness.py:178:5
    |
176 |     _, cota = cobertura_insatisfecha(sol, entrada_mad_n_m1, parametros)
177 |
178 |     T = len(sol.turnos[0]) // 3
    |     ^
179 |     n_sectores = len(entrada_mad_n_m1.get_sectores_abiertos_todo_el_dia())
180 |     assert cota == 2 * T * n_sectores
    |

N806 Variable `T` in function should be lowercase
   --> tests/unit/test_fitness.py:192:5
    |
190 |     _, cota = cobertura_insatisfecha(sol, entrada_mad_n_m1, parametros)
191 |
192 |     T = len(sol.turnos[0]) // 3
    |     ^
193 |     esperada = sum(
194 |         2 * len(entrada_mad_n_m1.get_sectores_abiertos_en(t)) for t in range(T)
    |

N806 Variable `T` in function should be lowercase
   --> tests/unit/test_seeds.py:205:5
    |
203 |     sol = construir_solucion_heuristica(entrada_mad_n_m1, parametros, random.Random(42))
204 |     cadenas = sol.turnos
205 |     T = len(cadenas[0]) // 3
    |     ^
206 |     sectores = entrada_mad_n_m1.get_sectores_abiertos_todo_el_dia()
    |

N806 Variable `T` in function should be lowercase
   --> tests/unit/test_seeds.py:232:5
    |
230 |     sol = construir_solucion_heuristica(entrada_mad_n_m1, parametros, random.Random(42))
231 |     cadenas = sol.turnos
232 |     T = len(cadenas[0]) // 3
    |     ^
233 |     for t in range(T):
234 |         tokens_t = [cadena[t * 3 : (t + 1) * 3] for cadena in cadenas]
    |

N806 Variable `T` in function should be lowercase
   --> tests/unit/test_seeds.py:256:9
    |
255 |     for cadena in sol.turnos:
256 |         T = len(cadena) // 3
    |         ^
257 |         racha = 0
258 |         for t in range(T):
    |

N806 Variable `T` in function should be lowercase
   --> tests/unit/test_seeds.py:278:9
    |
277 |     for cadena in sol.turnos:
278 |         T = len(cadena) // 3
    |         ^
279 |         racha_trab = 0
280 |         for t in range(T):
    |

Found 16 errors.
[*] 7 fixable with the `--fix` option.

===== 2026-06-18 22:58:30 — ruff check =====
UP037 [*] Remove quotes from type annotation
  --> src/atco/domain/models.py:83:24
   |
81 |     turno_noche: int = 0
82 |
83 |     def clone(self) -> "Controlador":
   |                        ^^^^^^^^^^^^^
84 |         return Controlador(
85 |             id=self.id,
   |
help: Remove quotes

F401 [*] `inspect` imported but unused
  --> src/atco/fitness/components.py:10:8
   |
 8 | from __future__ import annotations
 9 |
10 | import inspect
   |        ^^^^^^^
11 | from collections.abc import Callable
   |
help: Remove unused import: `inspect`

F401 [*] `collections.abc.Callable` imported but unused
  --> src/atco/fitness/components.py:11:29
   |
10 | import inspect
11 | from collections.abc import Callable
   |                             ^^^^^^^^
12 |
13 | from atco.domain.constants import STRING_DESCANSO, STRING_NO_TURNO
   |
help: Remove unused import: `collections.abc.Callable`

I001 [*] Import block is un-sorted or un-formatted
  --> src/atco/io/excel.py:1:1
   |
 1 | / import hashlib
 2 | | from pathlib import Path
 3 | |
 4 | | import openpyxl
 5 | | import logging
 6 | | from openpyxl.styles import Alignment, Font, PatternFill
 7 | |
 8 | | from atco.domain.models import Solucion
   | |_______________________________________^
 9 |
10 |   COLORES_FIJOS = {
   |
help: Organize imports

F401 [*] `atco.domain.models.Propiedades` imported but unused
  --> src/atco/io/solution.py:24:45
   |
22 | from pathlib import Path
23 |
24 | from atco.domain.models import Controlador, Propiedades, Solucion
   |                                             ^^^^^^^^^^^
25 |
26 | # =============================================================================
   |
help: Remove unused import: `atco.domain.models.Propiedades`

N806 Variable `MAX_CONSEC` in function should be lowercase
   --> src/atco/seeds/greedy.py:102:5
    |
100 |     descanso_pendiente: list[int] = [0] * n_atcos  # slots de descanso obligatorio
101 |
102 |     MAX_CONSEC: int = parametros.tiempo_trab_max // parametros.tamano_slots
    |     ^^^^^^^^^^
103 |     MIN_REST: int = parametros.tiempo_des_por_turno // parametros.tamano_slots
104 |     # Recorrido cronológico, asignando sectores al ATCo menos cargado y asegurando pareja ejecutivo/planificador.
    |

N806 Variable `MIN_REST` in function should be lowercase
   --> src/atco/seeds/greedy.py:103:5
    |
102 |     MAX_CONSEC: int = parametros.tiempo_trab_max // parametros.tamano_slots
103 |     MIN_REST: int = parametros.tiempo_des_por_turno // parametros.tamano_slots
    |     ^^^^^^^^
104 |     # Recorrido cronológico, asignando sectores al ATCo menos cargado y asegurando pareja ejecutivo/planificador.
105 |     for t in range(n_slots):
    |

E501 Line too long (113 > 100)
   --> src/atco/seeds/greedy.py:104:101
    |
102 |     MAX_CONSEC: int = parametros.tiempo_trab_max // parametros.tamano_slots
103 |     MIN_REST: int = parametros.tiempo_des_por_turno // parametros.tamano_slots
104 |     # Recorrido cronológico, asignando sectores al ATCo menos cargado y asegurando pareja ejecutivo/planificador.
    |                                                                                                     ^^^^^^^^^^^^^
105 |     for t in range(n_slots):
106 |         sectores_t = list(entrada.get_sectores_abiertos_en(t))
    |

I001 [*] Import block is un-sorted or un-formatted
  --> tests/unit/test_fitness.py:3:1
   |
 1 |   """Tests unitarios de la función objetivo."""
 2 |
 3 | / from __future__ import annotations
 4 | |
 5 | | import random
 6 | |
 7 | | import pytest
 8 | |
 9 | | from atco.domain.constants import STRING_DESCANSO, STRING_NO_TURNO
10 | | from atco.domain.models import Solucion
11 | | from atco.fitness import FitnessConfig, FitnessResult, evaluar_fitness
12 | | from atco.fitness.components import (
13 | |     descansos_largos,
14 | |     desbalance_carga,
15 | |     fragmentacion,
16 | | )
17 | | from atco.problem.instance import Entrada
18 | | from atco.problem.parameters import Parametros
19 | | from atco.seeds import construir_solucion_heuristica
   | |____________________________________________________^
20 |
21 |   # ---------------------------------------------------------------------------
   |
help: Organize imports

F401 [*] `atco.fitness.components.desbalance_carga` imported but unused
  --> tests/unit/test_fitness.py:14:5
   |
12 | from atco.fitness.components import (
13 |     descansos_largos,
14 |     desbalance_carga,
   |     ^^^^^^^^^^^^^^^^
15 |     fragmentacion,
16 | )
   |
help: Remove unused import: `atco.fitness.components.desbalance_carga`

N806 Variable `T` in function should be lowercase
   --> tests/unit/test_fitness.py:178:5
    |
176 |     _, cota = cobertura_insatisfecha(sol, entrada_mad_n_m1, parametros)
177 |
178 |     T = len(sol.turnos[0]) // 3
    |     ^
179 |     n_sectores = len(entrada_mad_n_m1.get_sectores_abiertos_todo_el_dia())
180 |     assert cota == 2 * T * n_sectores
    |

N806 Variable `T` in function should be lowercase
   --> tests/unit/test_fitness.py:192:5
    |
190 |     _, cota = cobertura_insatisfecha(sol, entrada_mad_n_m1, parametros)
191 |
192 |     T = len(sol.turnos[0]) // 3
    |     ^
193 |     esperada = sum(
194 |         2 * len(entrada_mad_n_m1.get_sectores_abiertos_en(t)) for t in range(T)
    |

N806 Variable `T` in function should be lowercase
   --> tests/unit/test_seeds.py:205:5
    |
203 |     sol = construir_solucion_heuristica(entrada_mad_n_m1, parametros, random.Random(42))
204 |     cadenas = sol.turnos
205 |     T = len(cadenas[0]) // 3
    |     ^
206 |     sectores = entrada_mad_n_m1.get_sectores_abiertos_todo_el_dia()
    |

N806 Variable `T` in function should be lowercase
   --> tests/unit/test_seeds.py:232:5
    |
230 |     sol = construir_solucion_heuristica(entrada_mad_n_m1, parametros, random.Random(42))
231 |     cadenas = sol.turnos
232 |     T = len(cadenas[0]) // 3
    |     ^
233 |     for t in range(T):
234 |         tokens_t = [cadena[t * 3 : (t + 1) * 3] for cadena in cadenas]
    |

N806 Variable `T` in function should be lowercase
   --> tests/unit/test_seeds.py:256:9
    |
255 |     for cadena in sol.turnos:
256 |         T = len(cadena) // 3
    |         ^
257 |         racha = 0
258 |         for t in range(T):
    |

N806 Variable `T` in function should be lowercase
   --> tests/unit/test_seeds.py:278:9
    |
277 |     for cadena in sol.turnos:
278 |         T = len(cadena) // 3
    |         ^
279 |         racha_trab = 0
280 |         for t in range(T):
    |

Found 16 errors.
[*] 7 fixable with the `--fix` option.

===== 2026-06-18 22:59:05 — ruff check =====
N806 Variable `MAX_CONSEC` in function should be lowercase
   --> src/atco/seeds/greedy.py:102:5
    |
100 |     descanso_pendiente: list[int] = [0] * n_atcos  # slots de descanso obligatorio
101 |
102 |     MAX_CONSEC: int = parametros.tiempo_trab_max // parametros.tamano_slots
    |     ^^^^^^^^^^
103 |     MIN_REST: int = parametros.tiempo_des_por_turno // parametros.tamano_slots
104 |     # Recorrido cronológico, asignando sectores al ATCo menos cargado y asegurando pareja ejecutivo/planificador.
    |

N806 Variable `MIN_REST` in function should be lowercase
   --> src/atco/seeds/greedy.py:103:5
    |
102 |     MAX_CONSEC: int = parametros.tiempo_trab_max // parametros.tamano_slots
103 |     MIN_REST: int = parametros.tiempo_des_por_turno // parametros.tamano_slots
    |     ^^^^^^^^
104 |     # Recorrido cronológico, asignando sectores al ATCo menos cargado y asegurando pareja ejecutivo/planificador.
105 |     for t in range(n_slots):
    |

E501 Line too long (113 > 100)
   --> src/atco/seeds/greedy.py:104:101
    |
102 |     MAX_CONSEC: int = parametros.tiempo_trab_max // parametros.tamano_slots
103 |     MIN_REST: int = parametros.tiempo_des_por_turno // parametros.tamano_slots
104 |     # Recorrido cronológico, asignando sectores al ATCo menos cargado y asegurando pareja ejecutivo/planificador.
    |                                                                                                     ^^^^^^^^^^^^^
105 |     for t in range(n_slots):
106 |         sectores_t = list(entrada.get_sectores_abiertos_en(t))
    |

N806 Variable `T` in function should be lowercase
   --> tests/unit/test_fitness.py:177:5
    |
175 |     _, cota = cobertura_insatisfecha(sol, entrada_mad_n_m1, parametros)
176 |
177 |     T = len(sol.turnos[0]) // 3
    |     ^
178 |     n_sectores = len(entrada_mad_n_m1.get_sectores_abiertos_todo_el_dia())
179 |     assert cota == 2 * T * n_sectores
    |

N806 Variable `T` in function should be lowercase
   --> tests/unit/test_fitness.py:191:5
    |
189 |     _, cota = cobertura_insatisfecha(sol, entrada_mad_n_m1, parametros)
190 |
191 |     T = len(sol.turnos[0]) // 3
    |     ^
192 |     esperada = sum(
193 |         2 * len(entrada_mad_n_m1.get_sectores_abiertos_en(t)) for t in range(T)
    |

N806 Variable `T` in function should be lowercase
   --> tests/unit/test_seeds.py:205:5
    |
203 |     sol = construir_solucion_heuristica(entrada_mad_n_m1, parametros, random.Random(42))
204 |     cadenas = sol.turnos
205 |     T = len(cadenas[0]) // 3
    |     ^
206 |     sectores = entrada_mad_n_m1.get_sectores_abiertos_todo_el_dia()
    |

N806 Variable `T` in function should be lowercase
   --> tests/unit/test_seeds.py:232:5
    |
230 |     sol = construir_solucion_heuristica(entrada_mad_n_m1, parametros, random.Random(42))
231 |     cadenas = sol.turnos
232 |     T = len(cadenas[0]) // 3
    |     ^
233 |     for t in range(T):
234 |         tokens_t = [cadena[t * 3 : (t + 1) * 3] for cadena in cadenas]
    |

N806 Variable `T` in function should be lowercase
   --> tests/unit/test_seeds.py:256:9
    |
255 |     for cadena in sol.turnos:
256 |         T = len(cadena) // 3
    |         ^
257 |         racha = 0
258 |         for t in range(T):
    |

N806 Variable `T` in function should be lowercase
   --> tests/unit/test_seeds.py:278:9
    |
277 |     for cadena in sol.turnos:
278 |         T = len(cadena) // 3
    |         ^
279 |         racha_trab = 0
280 |         for t in range(T):
    |

Found 9 errors.

===== 2026-06-18 23:01:34 — ruff check =====
E501 Line too long (113 > 100)
   --> src/atco/seeds/greedy.py:104:101
    |
102 |     maximo_consecutivo: int = parametros.tiempo_trab_max // parametros.tamano_slots
103 |     minimo_consecutivo: int = parametros.tiempo_des_por_turno // parametros.tamano_slots
104 |     # Recorrido cronológico, asignando sectores al ATCo menos cargado y asegurando pareja ejecutivo/planificador.
    |                                                                                                     ^^^^^^^^^^^^^
105 |     for t in range(n_slots):
106 |         sectores_t = list(entrada.get_sectores_abiertos_en(t))
    |

N806 Variable `T` in function should be lowercase
   --> tests/unit/test_fitness.py:177:5
    |
175 |     _, cota = cobertura_insatisfecha(sol, entrada_mad_n_m1, parametros)
176 |
177 |     T = len(sol.turnos[0]) // 3
    |     ^
178 |     n_sectores = len(entrada_mad_n_m1.get_sectores_abiertos_todo_el_dia())
179 |     assert cota == 2 * T * n_sectores
    |

N806 Variable `T` in function should be lowercase
   --> tests/unit/test_fitness.py:191:5
    |
189 |     _, cota = cobertura_insatisfecha(sol, entrada_mad_n_m1, parametros)
190 |
191 |     T = len(sol.turnos[0]) // 3
    |     ^
192 |     esperada = sum(
193 |         2 * len(entrada_mad_n_m1.get_sectores_abiertos_en(t)) for t in range(T)
    |

N806 Variable `T` in function should be lowercase
   --> tests/unit/test_seeds.py:205:5
    |
203 |     sol = construir_solucion_heuristica(entrada_mad_n_m1, parametros, random.Random(42))
204 |     cadenas = sol.turnos
205 |     T = len(cadenas[0]) // 3
    |     ^
206 |     sectores = entrada_mad_n_m1.get_sectores_abiertos_todo_el_dia()
    |

N806 Variable `T` in function should be lowercase
   --> tests/unit/test_seeds.py:232:5
    |
230 |     sol = construir_solucion_heuristica(entrada_mad_n_m1, parametros, random.Random(42))
231 |     cadenas = sol.turnos
232 |     T = len(cadenas[0]) // 3
    |     ^
233 |     for t in range(T):
234 |         tokens_t = [cadena[t * 3 : (t + 1) * 3] for cadena in cadenas]
    |

N806 Variable `T` in function should be lowercase
   --> tests/unit/test_seeds.py:256:9
    |
255 |     for cadena in sol.turnos:
256 |         T = len(cadena) // 3
    |         ^
257 |         racha = 0
258 |         for t in range(T):
    |

N806 Variable `T` in function should be lowercase
   --> tests/unit/test_seeds.py:278:9
    |
277 |     for cadena in sol.turnos:
278 |         T = len(cadena) // 3
    |         ^
279 |         racha_trab = 0
280 |         for t in range(T):
    |

Found 7 errors.

===== 2026-06-18 23:03:48 — ruff check =====
E501 Line too long (113 > 100)
   --> src/atco/seeds/greedy.py:104:101
    |
102 |     maximo_consecutivo: int = parametros.tiempo_trab_max // parametros.tamano_slots
103 |     minimo_consecutivo: int = parametros.tiempo_des_por_turno // parametros.tamano_slots
104 |     # Recorrido cronológico, asignando sectores al ATCo menos cargado y asegurando pareja ejecutivo/planificador.
    |                                                                                                     ^^^^^^^^^^^^^
105 |     for t in range(n_slots):
106 |         sectores_t = list(entrada.get_sectores_abiertos_en(t))
    |

N806 Variable `T` in function should be lowercase
   --> tests/unit/test_seeds.py:205:5
    |
203 |     sol = construir_solucion_heuristica(entrada_mad_n_m1, parametros, random.Random(42))
204 |     cadenas = sol.turnos
205 |     T = len(cadenas[0]) // 3
    |     ^
206 |     sectores = entrada_mad_n_m1.get_sectores_abiertos_todo_el_dia()
    |

N806 Variable `T` in function should be lowercase
   --> tests/unit/test_seeds.py:232:5
    |
230 |     sol = construir_solucion_heuristica(entrada_mad_n_m1, parametros, random.Random(42))
231 |     cadenas = sol.turnos
232 |     T = len(cadenas[0]) // 3
    |     ^
233 |     for t in range(T):
234 |         tokens_t = [cadena[t * 3 : (t + 1) * 3] for cadena in cadenas]
    |

N806 Variable `T` in function should be lowercase
   --> tests/unit/test_seeds.py:256:9
    |
255 |     for cadena in sol.turnos:
256 |         T = len(cadena) // 3
    |         ^
257 |         racha = 0
258 |         for t in range(T):
    |

N806 Variable `T` in function should be lowercase
   --> tests/unit/test_seeds.py:278:9
    |
277 |     for cadena in sol.turnos:
278 |         T = len(cadena) // 3
    |         ^
279 |         racha_trab = 0
280 |         for t in range(T):
    |

Found 5 errors.

===== 2026-06-18 23:05:02 — ruff check =====
E501 Line too long (113 > 100)
   --> src/atco/seeds/greedy.py:104:101
    |
102 |     maximo_consecutivo: int = parametros.tiempo_trab_max // parametros.tamano_slots
103 |     minimo_consecutivo: int = parametros.tiempo_des_por_turno // parametros.tamano_slots
104 |     # Recorrido cronológico, asignando sectores al ATCo menos cargado y asegurando pareja ejecutivo/planificador.
    |                                                                                                     ^^^^^^^^^^^^^
105 |     for t in range(n_slots):
106 |         sectores_t = list(entrada.get_sectores_abiertos_en(t))
    |

F821 Undefined name `T`
   --> tests/unit/test_seeds.py:292:39
    |
290 |                     # generador: el ATCo simplemente no podía descansar
291 |                     # más allá de su turno.
292 |                     if t + min_rest > T:
    |                                       ^
293 |                         racha_trab = 0
294 |                         continue
    |

Found 2 errors.

===== 2026-06-18 23:05:28 — ruff check =====
E501 Line too long (113 > 100)
   --> src/atco/seeds/greedy.py:104:101
    |
102 |     maximo_consecutivo: int = parametros.tiempo_trab_max // parametros.tamano_slots
103 |     minimo_consecutivo: int = parametros.tiempo_des_por_turno // parametros.tamano_slots
104 |     # Recorrido cronológico, asignando sectores al ATCo menos cargado y asegurando pareja ejecutivo/planificador.
    |                                                                                                     ^^^^^^^^^^^^^
105 |     for t in range(n_slots):
106 |         sectores_t = list(entrada.get_sectores_abiertos_en(t))
    |

Found 1 error.

===== 2026-06-18 23:05:49 — ruff check =====
All checks passed!

===== 2026-06-20 17:05:11 — ruff check =====
SIM103 Return the condition directly
  --> src/atco/algorithms/brkga/config.py:86:9
   |
84 |           ):
85 |               return True
86 | /         if (
87 | |             self.stagnation_generations is not None
88 | |             and estado.gens_sin_mejora >= self.stagnation_generations
89 | |         ):
90 | |             return True
91 | |         return False
   | |____________________^
   |
help: Inline condition

N806 Variable `M` in function should be lowercase
   --> src/atco/algorithms/brkga/decoders/bin_midpoint.py:121:9
    |
119 |             )
120 |
121 |         M = len(self.alfabeto)
    |         ^
122 |         T = self.longitud_t
123 |         controladores_clonados = [c.clone() for c in entrada.get_controladores()]
    |

N806 Variable `T` in function should be lowercase
   --> src/atco/algorithms/brkga/decoders/bin_midpoint.py:122:9
    |
121 |         M = len(self.alfabeto)
122 |         T = self.longitud_t
    |         ^
123 |         controladores_clonados = [c.clone() for c in entrada.get_controladores()]
124 |         cadenas: list[str] = []
    |

N806 Variable `M` in function should be lowercase
   --> src/atco/algorithms/brkga/decoders/bin_midpoint.py:176:5
    |
174 |     """
175 |     indice = {tok: i for i, tok in enumerate(alfabeto)}
176 |     M = len(alfabeto)
    |     ^
177 |     N = len(solucion.turnos)
178 |     chromosome = np.zeros(N * longitud_t, dtype=float)
    |

N806 Variable `N` in function should be lowercase
   --> src/atco/algorithms/brkga/decoders/bin_midpoint.py:177:5
    |
175 |     indice = {tok: i for i, tok in enumerate(alfabeto)}
176 |     M = len(alfabeto)
177 |     N = len(solucion.turnos)
    |     ^
178 |     chromosome = np.zeros(N * longitud_t, dtype=float)
179 |     for c, cadena in enumerate(solucion.turnos):
    |

F401 [*] `dataclasses.field` imported but unused
 --> src/atco/algorithms/brkga/engine.py:7:36
  |
5 | import logging
6 | import time
7 | from dataclasses import dataclass, field
  |                                    ^^^^^
8 |
9 | import numpy as np
  |
help: Remove unused import: `dataclasses.field`

F841 Local variable `suma` is assigned to but never used
  --> src/atco/fitness/config.py:45:9
   |
43 |         if any(p < 0 for p in pesos):
44 |             raise ValueError(f"Los pesos no pueden ser negativos: {pesos}")
45 |         suma = sum(pesos)
   |         ^^^^
46 |         # TODO volver a descomentar
47 |         # if abs(suma - 1.0) > _TOLERANCIA:
   |
help: Remove assignment to unused variable `suma`

Found 7 errors.
[*] 1 fixable with the `--fix` option (2 hidden fixes can be enabled with the `--unsafe-fixes` option).

===== 2026-06-20 17:05:20 — ruff check =====
SIM103 Return the condition directly
  --> src/atco/algorithms/brkga/config.py:86:9
   |
84 |           ):
85 |               return True
86 | /         if (
87 | |             self.stagnation_generations is not None
88 | |             and estado.gens_sin_mejora >= self.stagnation_generations
89 | |         ):
90 | |             return True
91 | |         return False
   | |____________________^
   |
help: Inline condition

N806 Variable `M` in function should be lowercase
   --> src/atco/algorithms/brkga/decoders/bin_midpoint.py:121:9
    |
119 |             )
120 |
121 |         M = len(self.alfabeto)
    |         ^
122 |         T = self.longitud_t
123 |         controladores_clonados = [c.clone() for c in entrada.get_controladores()]
    |

N806 Variable `T` in function should be lowercase
   --> src/atco/algorithms/brkga/decoders/bin_midpoint.py:122:9
    |
121 |         M = len(self.alfabeto)
122 |         T = self.longitud_t
    |         ^
123 |         controladores_clonados = [c.clone() for c in entrada.get_controladores()]
124 |         cadenas: list[str] = []
    |

N806 Variable `M` in function should be lowercase
   --> src/atco/algorithms/brkga/decoders/bin_midpoint.py:176:5
    |
174 |     """
175 |     indice = {tok: i for i, tok in enumerate(alfabeto)}
176 |     M = len(alfabeto)
    |     ^
177 |     N = len(solucion.turnos)
178 |     chromosome = np.zeros(N * longitud_t, dtype=float)
    |

N806 Variable `N` in function should be lowercase
   --> src/atco/algorithms/brkga/decoders/bin_midpoint.py:177:5
    |
175 |     indice = {tok: i for i, tok in enumerate(alfabeto)}
176 |     M = len(alfabeto)
177 |     N = len(solucion.turnos)
    |     ^
178 |     chromosome = np.zeros(N * longitud_t, dtype=float)
179 |     for c, cadena in enumerate(solucion.turnos):
    |

F401 [*] `dataclasses.field` imported but unused
 --> src/atco/algorithms/brkga/engine.py:7:36
  |
5 | import logging
6 | import time
7 | from dataclasses import dataclass, field
  |                                    ^^^^^
8 |
9 | import numpy as np
  |
help: Remove unused import: `dataclasses.field`

F841 Local variable `suma` is assigned to but never used
  --> src/atco/fitness/config.py:45:9
   |
43 |         if any(p < 0 for p in pesos):
44 |             raise ValueError(f"Los pesos no pueden ser negativos: {pesos}")
45 |         suma = sum(pesos)
   |         ^^^^
46 |         # TODO volver a descomentar
47 |         # if abs(suma - 1.0) > _TOLERANCIA:
   |
help: Remove assignment to unused variable `suma`

Found 7 errors.
[*] 1 fixable with the `--fix` option (2 hidden fixes can be enabled with the `--unsafe-fixes` option).

===== 2026-06-20 17:11:40 — ruff check =====
SIM103 Return the condition directly
  --> src/atco/algorithms/brkga/config.py:86:9
   |
84 |           ):
85 |               return True
86 | /         if (
87 | |             self.stagnation_generations is not None
88 | |             and estado.gens_sin_mejora >= self.stagnation_generations
89 | |         ):
90 | |             return True
91 | |         return False
   | |____________________^
   |
help: Inline condition

F821 Undefined name `T`
   --> src/atco/algorithms/brkga/decoders/bin_midpoint.py:129:28
    |
127 |             tokens: list[str] = []
128 |             trabajados = 0
129 |             for t in range(T):
    |                            ^
130 |                 gen = float(chromosome[c * n_turno + t])
131 |                 # Clamp por si gen == 1.0 exacto (evita IndexError)
    |

N806 Variable `N` in function should be lowercase
   --> src/atco/algorithms/brkga/decoders/bin_midpoint.py:177:5
    |
175 |     indice = {tok: i for i, tok in enumerate(alfabeto)}
176 |     n_alfabeto = len(alfabeto)
177 |     N = len(solucion.turnos)
    |     ^
178 |     chromosome = np.zeros(N * longitud_t, dtype=float)
179 |     for c, cadena in enumerate(solucion.turnos):
    |

Found 3 errors.
No fixes available (1 hidden fix can be enabled with the `--unsafe-fixes` option).

===== 2026-06-21 03:34:17 — ruff check =====
   Building atco @ file:///Users/ericlucero/Documents/Academic/Python_Fun/atco-brkga
      Built atco @ file:///Users/ericlucero/Documents/Academic/Python_Fun/atco-brkga
Uninstalled 1 package in 1ms
Installed 1 package in 1ms
SIM103 Return the condition directly
  --> src/atco/algorithms/brkga/config.py:86:9
   |
84 |           ):
85 |               return True
86 | /         if (
87 | |             self.stagnation_generations is not None
88 | |             and estado.gens_sin_mejora >= self.stagnation_generations
89 | |         ):
90 | |             return True
91 | |         return False
   | |____________________^
   |
help: Inline condition

I001 [*] Import block is un-sorted or un-formatted
  --> src/atco/algorithms/brkga/decoders/bin_midpoint.py:26:1
   |
24 |   """
25 |
26 | / from __future__ import annotations
27 | |
28 | | import logging
29 | | import numpy as np
30 | |
31 | | from atco.algorithms.brkga.decoders.base import DecoderBase
32 | | from atco.domain.constants import STRING_DESCANSO, STRING_NO_TURNO
33 | | from atco.domain.models import Solucion
34 | | from atco.problem.instance import Entrada
35 | | from atco.problem.parameters import Parametros
   | |______________________________________________^
36 |
37 |   log = logging.getLogger(__name__)
   |
help: Organize imports

F841 Local variable `suma` is assigned to but never used
  --> src/atco/fitness/config.py:45:9
   |
43 |         if any(p < 0 for p in pesos):
44 |             raise ValueError(f"Los pesos no pueden ser negativos: {pesos}")
45 |         suma = sum(pesos)
   |         ^^^^
46 |         # TODO volver a descomentar
47 |         # if abs(suma - 1.0) > _TOLERANCIA:
   |
help: Remove assignment to unused variable `suma`

Found 3 errors.
[*] 1 fixable with the `--fix` option (2 hidden fixes can be enabled with the `--unsafe-fixes` option).
