===== 2026-06-13 02:00:20 — mypy =====
src/atco/problem/restrictions/checks.py:41: error: Function is missing a type annotation for one or more parameters  [no-untyped-def]
src/atco/problem/restrictions/checks.py:79: error: Function is missing a type annotation for one or more parameters  [no-untyped-def]
src/atco/problem/restrictions/checks.py:102: error: Function is missing a type annotation for one or more parameters  [no-untyped-def]
src/atco/problem/restrictions/checks.py:123: error: Function is missing a type annotation for one or more parameters  [no-untyped-def]
src/atco/problem/restrictions/checks.py:200: error: Function is missing a type annotation for one or more parameters  [no-untyped-def]
src/atco/problem/restrictions/checks.py:217: error: Missing type arguments for generic type "dict"  [type-arg]
src/atco/problem/restrictions/checks.py:217: error: Missing type arguments for generic type "list"  [type-arg]
src/atco/problem/restrictions/checks.py:232: error: Missing type arguments for generic type "list"  [type-arg]
src/atco/problem/restrictions/checks.py:232: error: Missing type arguments for generic type "dict"  [type-arg]
src/atco/problem/restrictions/checks.py:260: error: Missing type arguments for generic type "list"  [type-arg]
src/atco/problem/restrictions/checks.py:270: error: Function is missing a type annotation for one or more parameters  [no-untyped-def]
src/atco/problem/restrictions/checks.py:299: error: Function is missing a type annotation for one or more parameters  [no-untyped-def]
src/atco/problem/restrictions/checks.py:316: error: Function is missing a type annotation for one or more parameters  [no-untyped-def]
src/atco/problem/restrictions/checks.py:335: error: Function is missing a type annotation for one or more parameters  [no-untyped-def]
src/atco/problem/restrictions/checks.py:352: error: Function is missing a type annotation for one or more parameters  [no-untyped-def]
src/atco/problem/restrictions/checks.py:359: error: Function is missing a type annotation for one or more parameters  [no-untyped-def]
src/atco/problem/restrictions/checks.py:391: error: Function is missing a type annotation for one or more parameters  [no-untyped-def]
src/atco/problem/restrictions/checks.py:419: error: Function is missing a type annotation for one or more parameters  [no-untyped-def]
src/atco/problem/restrictions/checks.py:436: error: Function is missing a type annotation for one or more parameters  [no-untyped-def]
src/atco/problem/restrictions/checks.py:458: error: Function is missing a type annotation for one or more parameters  [no-untyped-def]
src/atco/problem/restrictions/checks.py:476: error: Function is missing a type annotation for one or more parameters  [no-untyped-def]
src/atco/problem/restrictions/checks.py:503: error: Function is missing a type annotation for one or more parameters  [no-untyped-def]
src/atco/problem/restrictions/checks.py:513: error: Incompatible types in assignment (expression has type "float", variable has type "int")  [assignment]
src/atco/problem/restrictions/checks.py:525: error: Function is missing a type annotation for one or more parameters  [no-untyped-def]
src/atco/problem/restrictions/checks.py:539: error: Function is missing a type annotation for one or more parameters  [no-untyped-def]
src/atco/io/excel.py:11: error: Function is missing a type annotation for one or more parameters  [no-untyped-def]
src/atco/io/excel.py:132: error: Function is missing a type annotation for one or more parameters  [no-untyped-def]
src/atco/io/excel.py:145: error: Function is missing a type annotation for one or more parameters  [no-untyped-def]
src/atco/problem/instance.py:30: error: Function is missing a type annotation for one or more parameters  [no-untyped-def]
src/atco/problem/instance.py:291: error: Function is missing a type annotation for one or more parameters  [no-untyped-def]
src/atco/problem/instance.py:433: error: Function is missing a type annotation for one or more parameters  [no-untyped-def]
src/atco/problem/instance.py:438: error: Function is missing a type annotation for one or more parameters  [no-untyped-def]
src/atco/problem/instance.py:444: error: Function is missing a type annotation for one or more parameters  [no-untyped-def]
src/atco/problem/instance.py:473: error: Function is missing a type annotation for one or more parameters  [no-untyped-def]
src/atco/problem/instance.py:510: error: Function is missing a type annotation for one or more parameters  [no-untyped-def]
src/atco/problem/instance.py:566: error: Need type annotation for "result"  [var-annotated]
src/atco/problem/instance.py:624: error: Function is missing a type annotation for one or more parameters  [no-untyped-def]
src/atco/io/logging_setup.py:5: error: Function is missing a type annotation  [no-untyped-def]
src/atco/io/logging_setup.py:21: error: Function is missing a type annotation  [no-untyped-def]
src/atco/io/logging_setup.py:24: error: Function is missing a type annotation  [no-untyped-def]
src/atco/io/logging_setup.py:28: error: Function is missing a return type annotation  [no-untyped-def]
src/atco/io/logging_setup.py:28: note: Use "-> None" if function does not return a value
src/atco/io/logging_setup.py:32: error: Call to untyped function "LoggerWriter" in typed context  [no-untyped-call]
src/atco/io/logging_setup.py:33: error: Call to untyped function "LoggerWriter" in typed context  [no-untyped-call]
Found 43 errors in 4 files (checked 36 source files)
